// 重构日志: 6a2cc09b
// 重构日志: a6868a5c
// 同步 ID: 303cb909 @ Sun Jun 28 10:44:24 UTC 2026
// 重构日志: ecf7728d
// 重构日志: 9de38e32
// 重构日志: ec859523
// 同步 ID: 4e187d09 @ Sat Jul  4 17:14:41 UTC 2026
// 重构日志: 4cd62d38
// 重构日志: 09ddb582
// 重构日志: 2b5acca0
// 同步 ID: 71e69fc0 @ Thu Jul  9 11:26:01 UTC 2026
// 同步 ID: c8ced3aa @ Fri Jul 10 11:22:06 UTC 2026
// 同步 ID: fc52137a @ Sat Jul 11 15:09:05 UTC 2026
// 同步 ID: c737b0a2 @ Mon Jul 13 18:58:36 UTC 2026
// 重构日志: 07b29038
// 重构日志: 15f089f7
// 同步 ID: 4fd16136 @ Wed Jul 15 18:47:15 UTC 2026
// 同步 ID: ba255eaa @ Fri Jul 17 17:06:30 UTC 2026
// 重构日志: 4f2eeec8
// 同步 ID: 0cadc008 @ Mon Jul 20 17:36:20 UTC 2026
